<?xml version="1.0" encoding="UTF-8"?>
<testsuites name="jest tests" tests="2340" failures="0" errors="0" time="55.323">
  <testsuite name="rangeAggregator" errors="0" failures="0" skipped="0" timestamp="2022-09-02T10:33:44" time="24.795" tests="14">
    <testcase classname="rangeAggregator Calculate number of concurrent working indexes - When the work start time exactly equals the work end time" name="rangeAggregator Calculate number of concurrent working indexes - When the work start time exactly equals the work end time" time="0.008">
    </testcase>
    <testcase classname="rangeAggregator Calculate number of concurrent working indexes - When one range starts immidiately after previous range" name="rangeAggregator Calculate number of concurrent working indexes - When one range starts immidiately after previous range" time="0.004">
    </testcase>
    <testcase classname="rangeAggregator Calculate number of concurrent working indexes - More than one index is working at the same time ranges" name="rangeAggregator Calculate number of concurrent working indexes - More than one index is working at the same time ranges" time="0.004">
    </testcase>
    <testcase classname="rangeAggregator Calculate number of concurrent working indexes - Multiple time ranges" name="rangeAggregator Calculate number of concurrent working indexes - Multiple time ranges" time="0.005">
    </testcase>
    <testcase classname="rangeAggregator Calculate number of concurrent working indexes - Single time range" name="rangeAggregator Calculate number of concurrent working indexes - Single time range" time="0.001">
    </testcase>
    <testcase classname="rangeAggregator Calculate number of concurrent working indexes - Two different, separated time ranges" name="rangeAggregator Calculate number of concurrent working indexes - Two different, separated time ranges" time="0.002">
    </testcase>
    <testcase classname="rangeAggregator Calculate number of concurrent working indexes - Many indexes with the same start time, different end times" name="rangeAggregator Calculate number of concurrent working indexes - Many indexes with the same start time, different end times" time="0.002">
    </testcase>
    <testcase classname="rangeAggregator Calculate number of concurrent working indexes - Multiple indexes, some with the same start &amp; end time points" name="rangeAggregator Calculate number of concurrent working indexes - Multiple indexes, some with the same start &amp; end time points" time="0.007">
    </testcase>
    <testcase classname="rangeAggregator Calculate number of concurrent working indexes - Many indexes with the same end time, different start times" name="rangeAggregator Calculate number of concurrent working indexes - Many indexes with the same end time, different start times" time="0.003">
    </testcase>
    <testcase classname="rangeAggregator Calculate number of concurrent working indexes - Multiple indexes with overlaping time ranges - sample flow 1" name="rangeAggregator Calculate number of concurrent working indexes - Multiple indexes with overlaping time ranges - sample flow 1" time="0.005">
    </testcase>
    <testcase classname="rangeAggregator Calculate number of concurrent working indexes - Multiple indexes with overlaping time ranges - sample flow 2" name="rangeAggregator Calculate number of concurrent working indexes - Multiple indexes with overlaping time ranges - sample flow 2" time="0.014">
    </testcase>
    <testcase classname="rangeAggregator Calculate number of concurrent working indexes - Multiple indexes with overlaping time ranges - sample flow 3" name="rangeAggregator Calculate number of concurrent working indexes - Multiple indexes with overlaping time ranges - sample flow 3" time="0.002">
    </testcase>
    <testcase classname="rangeAggregator Calculate number of concurrent working indexes - Index time range is within another index time range" name="rangeAggregator Calculate number of concurrent working indexes - Index time range is within another index time range" time="0.002">
    </testcase>
    <testcase classname="rangeAggregator Calculate number of concurrent working indexes - Many indexes time range within another range" name="rangeAggregator Calculate number of concurrent working indexes - Many indexes time range within another range" time="0.005">
    </testcase>
  </testsuite>
  <testsuite name="graphHelper" errors="0" failures="0" skipped="0" timestamp="2022-09-02T10:33:44" time="24.893" tests="2">
    <testcase classname="graphHelper shortenLine Calculate shorten horizontal line left-&gt;right" name="graphHelper shortenLine Calculate shorten horizontal line left-&gt;right" time="0.005">
    </testcase>
    <testcase classname="graphHelper shortenLine Calculate shorten horizontal line right-&gt;left" name="graphHelper shortenLine Calculate shorten horizontal line right-&gt;left" time="0.001">
    </testcase>
  </testsuite>
  <testsuite name="documentHelpers" errors="0" failures="0" skipped="0" timestamp="2022-09-02T10:33:44" time="25.866" tests="3">
    <testcase classname="documentHelpers should find intersection on simple documents" name="documentHelpers should find intersection on simple documents" time="0.007">
    </testcase>
    <testcase classname="documentHelpers should find intersection on complex object" name="documentHelpers should find intersection on complex object" time="0.001">
    </testcase>
    <testcase classname="documentHelpers should infer @collection and ClrType from metadata" name="documentHelpers should infer @collection and ClrType from metadata" time="0.012">
    </testcase>
  </testsuite>
  <testsuite name="RQL Query Visitor" errors="0" failures="0" skipped="0" timestamp="2022-09-02T10:33:44" time="29.415" tests="6">
    <testcase classname="RQL Query Visitor can extract alias from collection - w/o as" name="RQL Query Visitor can extract alias from collection - w/o as" time="0.253">
    </testcase>
    <testcase classname="RQL Query Visitor can extract alias from collection - w as" name="RQL Query Visitor can extract alias from collection - w as" time="0.005">
    </testcase>
    <testcase classname="RQL Query Visitor can extract alias from index - w/o as" name="RQL Query Visitor can extract alias from index - w/o as" time="0.022">
    </testcase>
    <testcase classname="RQL Query Visitor can extract alias from index - w/ as" name="RQL Query Visitor can extract alias from index - w/ as" time="0.002">
    </testcase>
    <testcase classname="RQL Query Visitor doesn&apos;t throw when no from alias - index" name="RQL Query Visitor doesn&apos;t throw when no from alias - index" time="0.001">
    </testcase>
    <testcase classname="RQL Query Visitor doesn&apos;t throw when no from alias - collection" name="RQL Query Visitor doesn&apos;t throw when no from alias - collection" time="0.001">
    </testcase>
  </testsuite>
  <testsuite name="ORDER BY statement parser" errors="0" failures="0" skipped="0" timestamp="2022-09-02T10:33:44" time="29.529" tests="1">
    <testcase classname="ORDER BY statement parser single" name="ORDER BY statement parser single" time="0.338">
    </testcase>
  </testsuite>
  <testsuite name="SELECT statement parser" errors="0" failures="0" skipped="0" timestamp="2022-09-02T10:34:14" time="1.086" tests="3">
    <testcase classname="SELECT statement parser single" name="SELECT statement parser single" time="0.183">
    </testcase>
    <testcase classname="SELECT statement parser distinct" name="SELECT statement parser distinct" time="0.007">
    </testcase>
    <testcase classname="SELECT statement parser javascript" name="SELECT statement parser javascript" time="0.006">
    </testcase>
  </testsuite>
  <testsuite name="TimeSeries statement parser" errors="0" failures="0" skipped="0" timestamp="2022-09-02T10:34:14" time="1.333" tests="2">
    <testcase classname="TimeSeries statement parser declare timeseries" name="TimeSeries statement parser declare timeseries" time="0.41">
    </testcase>
    <testcase classname="TimeSeries statement parser timeseries in projection" name="TimeSeries statement parser timeseries in projection" time="0.023">
    </testcase>
  </testsuite>
  <testsuite name="WHERE statement parser" errors="0" failures="0" skipped="0" timestamp="2022-09-02T10:34:09" time="6.135" tests="8">
    <testcase classname="WHERE statement parser single literal" name="WHERE statement parser single literal" time="0.177">
    </testcase>
    <testcase classname="WHERE statement parser comma" name="WHERE statement parser comma" time="0.069">
    </testcase>
    <testcase classname="WHERE statement parser true and exist" name="WHERE statement parser true and exist" time="0.056">
    </testcase>
    <testcase classname="WHERE statement parser binary and all in()" name="WHERE statement parser binary and all in()" time="0.053">
    </testcase>
    <testcase classname="WHERE statement parser equal" name="WHERE statement parser equal" time="0.005">
    </testcase>
    <testcase classname="WHERE statement parser binary and between" name="WHERE statement parser binary and between" time="0.01">
    </testcase>
    <testcase classname="WHERE statement parser can&apos;t use `where` as from alias" name="WHERE statement parser can&apos;t use `where` as from alias" time="0.004">
    </testcase>
    <testcase classname="WHERE statement parser parsing function" name="WHERE statement parser parsing function" time="0.01">
    </testcase>
  </testsuite>
  <testsuite name="can complete order by " errors="0" failures="0" skipped="0" timestamp="2022-09-02T10:33:44" time="31.294" tests="9">
    <testcase classname="can complete order by  can complete fields in order by - at root level" name="can complete order by  can complete fields in order by - at root level" time="0.168">
    </testcase>
    <testcase classname="can complete order by  can complete fields in order by - nested field" name="can complete order by  can complete fields in order by - nested field" time="0.033">
    </testcase>
    <testcase classname="can complete order by  can complete order by random()" name="can complete order by  can complete order by random()" time="0.003">
    </testcase>
    <testcase classname="can complete order by  can complete order by score()" name="can complete order by  can complete order by score()" time="0.003">
    </testcase>
    <testcase classname="can complete order by  can complete next keywords after field" name="can complete order by  can complete next keywords after field" time="0.062">
    </testcase>
    <testcase classname="can complete order by  can complete as operator after field" name="can complete order by  can complete as operator after field" time="0.003">
    </testcase>
    <testcase classname="can complete order by  can complete ordering type" name="can complete order by  can complete ordering type" time="0.016">
    </testcase>
    <testcase classname="can complete order by  can complete asc/desc when NO ordering type specified" name="can complete order by  can complete asc/desc when NO ordering type specified" time="0.004">
    </testcase>
    <testcase classname="can complete order by  can complete asc/desc when ordering type specified" name="can complete order by  can complete asc/desc when ordering type specified" time="0.004">
    </testcase>
  </testsuite>
  <testsuite name="can complete limit" errors="0" failures="0" skipped="0" timestamp="2022-09-02T10:33:44" time="31.32" tests="4">
    <testcase classname="can complete limit doesn&apos;t complete fields in limit - first position" name="can complete limit doesn&apos;t complete fields in limit - first position" time="0.264">
    </testcase>
    <testcase classname="can complete limit doesn&apos;t complete fields in limit - second position" name="can complete limit doesn&apos;t complete fields in limit - second position" time="0.06">
    </testcase>
    <testcase classname="can complete limit can suggest offset after limit provided" name="can complete limit can suggest offset after limit provided" time="0.007">
    </testcase>
    <testcase classname="can complete limit doesn&apos;t complete fields in offset" name="can complete limit doesn&apos;t complete fields in offset" time="0.004">
    </testcase>
  </testsuite>
  <testsuite name="can complete include" errors="0" failures="0" skipped="0" timestamp="2022-09-02T10:33:44" time="31.312" tests="6">
    <testcase classname="can complete include doesn&apos;t complete keywords as field name" name="can complete include doesn&apos;t complete keywords as field name" time="0.216">
    </testcase>
    <testcase classname="can complete include can complete field" name="can complete include can complete field" time="0.006">
    </testcase>
    <testcase classname="can complete include can complete next field" name="can complete include can complete next field" time="0.094">
    </testcase>
    <testcase classname="can complete include can include special functions" name="can complete include can include special functions" time="0.006">
    </testcase>
    <testcase classname="can complete include doesn&apos;t complete timings twice" name="can complete include doesn&apos;t complete timings twice" time="0.01">
    </testcase>
    <testcase classname="can complete include doesn&apos;t complete explanations twice" name="can complete include doesn&apos;t complete explanations twice" time="0.005">
    </testcase>
  </testsuite>
  <testsuite name="can complete from" errors="0" failures="0" skipped="0" timestamp="2022-09-02T10:33:44" time="31.355" tests="26">
    <testcase classname="can complete from empty" name="can complete from empty" time="0.14">
    </testcase>
    <testcase classname="can complete from partial" name="can complete from partial" time="0.089">
    </testcase>
    <testcase classname="can complete from declare function can complete declare function - empty query" name="can complete from declare function can complete declare function - empty query" time="0.002">
    </testcase>
    <testcase classname="can complete from declare function can complete declare function - before from stmt" name="can complete from declare function can complete declare function - before from stmt" time="0.022">
    </testcase>
    <testcase classname="can complete from from collection can complete @all_docs" name="can complete from from collection can complete @all_docs" time="0.018">
    </testcase>
    <testcase classname="can complete from from collection can complete collection" name="can complete from from collection can complete collection" time="0.006">
    </testcase>
    <testcase classname="can complete from from collection can complete quoted collection - open" name="can complete from from collection can complete quoted collection - open" time="0.009">
    </testcase>
    <testcase classname="can complete from from collection can complete quoted collection - closed" name="can complete from from collection can complete quoted collection - closed" time="0.002">
    </testcase>
    <testcase classname="can complete from from collection can complete collection name with where" name="can complete from from collection can complete collection name with where" time="0.023">
    </testcase>
    <testcase classname="can complete from from collection doesn&apos;t provide collection is already provided" name="can complete from from collection doesn&apos;t provide collection is already provided" time="0.003">
    </testcase>
    <testcase classname="can complete from from collection can complete inside" name="can complete from from collection can complete inside" time="0.002">
    </testcase>
    <testcase classname="can complete from from collection doesn&apos;t suggest special function in alias" name="can complete from from collection doesn&apos;t suggest special function in alias" time="0.004">
    </testcase>
    <testcase classname="can complete from from collection can complete collection with double quotes" name="can complete from from collection can complete collection with double quotes" time="0.001">
    </testcase>
    <testcase classname="can complete from from index can complete index" name="can complete from from index can complete index" time="0.009">
    </testcase>
    <testcase classname="can complete from from index can complete partial index" name="can complete from from index can complete partial index" time="0.003">
    </testcase>
    <testcase classname="can complete from from index can complete index name - no index yet defined" name="can complete from from index can complete index name - no index yet defined" time="0.002">
    </testcase>
    <testcase classname="can complete from from index can complete index name - when open double quote" name="can complete from from index can complete index name - when open double quote" time="0.003">
    </testcase>
    <testcase classname="can complete from from index can complete index name - when open single quote" name="can complete from from index can complete index name - when open single quote" time="0.002">
    </testcase>
    <testcase classname="can complete from from index can complete index name - when inside double quote" name="can complete from from index can complete index name - when inside double quote" time="0.002">
    </testcase>
    <testcase classname="can complete from from index can complete index name - when inside single quote" name="can complete from from index can complete index name - when inside single quote" time="0.001">
    </testcase>
    <testcase classname="can complete from from index can complete index name - when where exists" name="can complete from from index can complete index name - when where exists" time="0.002">
    </testcase>
    <testcase classname="can complete from with describe can complete from after declare function - w/o from ahead" name="can complete from with describe can complete from after declare function - w/o from ahead" time="0.009">
    </testcase>
    <testcase classname="can complete from with describe can complete from after declare function - with from ahead" name="can complete from with describe can complete from after declare function - with from ahead" time="0.002">
    </testcase>
    <testcase classname="can complete from alias has empty list when entering as alias" name="can complete from alias has empty list when entering as alias" time="0.006">
    </testcase>
    <testcase classname="can complete from alias can complete keywords when no alias yet defined" name="can complete from alias can complete keywords when no alias yet defined" time="0.002">
    </testcase>
    <testcase classname="can complete from alias can complete keywords when alias was defined" name="can complete from alias can complete keywords when alias was defined" time="0.01">
    </testcase>
  </testsuite>
  <testsuite name="can complete select" errors="0" failures="0" skipped="0" timestamp="2022-09-02T10:33:44" time="31.382" tests="13">
    <testcase classname="can complete select can complete fields - first field" name="can complete select can complete fields - first field" time="0.212">
    </testcase>
    <testcase classname="can complete select can complete fields - nested field - just after dot" name="can complete select can complete fields - nested field - just after dot" time="0.044">
    </testcase>
    <testcase classname="can complete select can complete fields - nested field - partial" name="can complete select can complete fields - nested field - partial" time="0.058">
    </testcase>
    <testcase classname="can complete select can complete fields - next field" name="can complete select can complete fields - next field" time="0.007">
    </testcase>
    <testcase classname="can complete select doesn&apos;t complete keywords in select" name="can complete select doesn&apos;t complete keywords in select" time="0.004">
    </testcase>
    <testcase classname="can complete select has empty list when defining select as alias" name="can complete select has empty list when defining select as alias" time="0.016">
    </testcase>
    <testcase classname="can complete select can suggest distinct in select stmt" name="can complete select can suggest distinct in select stmt" time="0.003">
    </testcase>
    <testcase classname="can complete select doesn&apos;t suggest distinct in select stmt, when after field" name="can complete select doesn&apos;t suggest distinct in select stmt, when after field" time="0.004">
    </testcase>
    <testcase classname="can complete select doesn&apos;t suggest group functions when no group by" name="can complete select doesn&apos;t suggest group functions when no group by" time="0.011">
    </testcase>
    <testcase classname="can complete select can suggest group functions when group by is defined" name="can complete select can suggest group functions when group by is defined" time="0.03">
    </testcase>
    <testcase classname="can complete select can complete suggest() function in select" name="can complete select can complete suggest() function in select" time="0.003">
    </testcase>
    <testcase classname="can complete select can complete declared functions in select" name="can complete select can complete declared functions in select" time="0.011">
    </testcase>
    <testcase classname="can complete select doesn&apos;t complete declared function argument names in select" name="can complete select doesn&apos;t complete declared function argument names in select" time="0.004">
    </testcase>
  </testsuite>
  <testsuite name="scanner seek" errors="0" failures="0" skipped="0" timestamp="2022-09-02T10:33:44" time="31.385" tests="17">
    <testcase classname="scanner seek can seek on empty - w/o whitespace after" name="scanner seek can seek on empty - w/o whitespace after" time="0.111">
    </testcase>
    <testcase classname="scanner seek can seek on empty - w/ whitespace before" name="scanner seek can seek on empty - w/ whitespace before" time="0.005">
    </testcase>
    <testcase classname="scanner seek can seek on empty - w/ whitespace after" name="scanner seek can seek on empty - w/ whitespace after" time="0.002">
    </testcase>
    <testcase classname="scanner seek can seek before empty collection - w/o whitespace after" name="scanner seek can seek before empty collection - w/o whitespace after" time="0.014">
    </testcase>
    <testcase classname="scanner seek can seek before empty collection - w/ whitespace after" name="scanner seek can seek before empty collection - w/ whitespace after" time="0.006">
    </testcase>
    <testcase classname="scanner seek just after token - w/o space after" name="scanner seek just after token - w/o space after" time="0.002">
    </testcase>
    <testcase classname="scanner seek just after token - w space after" name="scanner seek just after token - w space after" time="0.002">
    </testcase>
    <testcase classname="scanner seek can seek on partial collection - at the end" name="scanner seek can seek on partial collection - at the end" time="0.025">
    </testcase>
    <testcase classname="scanner seek can seek on partial collection - in the middle" name="scanner seek can seek on partial collection - in the middle" time="0.002">
    </testcase>
    <testcase classname="scanner seek can seek on partial collection" name="scanner seek can seek on partial collection" time="0.007">
    </testcase>
    <testcase classname="scanner seek can seek on after where - space after" name="scanner seek can seek on after where - space after" time="0.031">
    </testcase>
    <testcase classname="scanner seek can seek on after where - no space after" name="scanner seek can seek on after where - no space after" time="0.001">
    </testcase>
    <testcase classname="scanner seek can seek after closing bracket - w/o space after" name="scanner seek can seek after closing bracket - w/o space after" time="0.082">
    </testcase>
    <testcase classname="scanner seek can seek after closing bracket - w/ space after" name="scanner seek can seek after closing bracket - w/ space after" time="0.002">
    </testcase>
    <testcase classname="scanner seek can seek on nested path" name="scanner seek can seek on nested path" time="0.005">
    </testcase>
    <testcase classname="scanner seek can ignore whitespace" name="scanner seek can ignore whitespace" time="0.036">
    </testcase>
    <testcase classname="scanner seek can seek after declare function " name="scanner seek can seek after declare function " time="0.029">
    </testcase>
  </testsuite>
  <testsuite name="can complete group by" errors="0" failures="0" skipped="0" timestamp="2022-09-02T10:33:44" time="31.405" tests="8">
    <testcase classname="can complete group by doesn&apos;t complete keywords as field name" name="can complete group by doesn&apos;t complete keywords as field name" time="0.225">
    </testcase>
    <testcase classname="can complete group by doesn&apos;t complete keywords as nested field name" name="can complete group by doesn&apos;t complete keywords as nested field name" time="0.014">
    </testcase>
    <testcase classname="can complete group by can complete Array() function in group by " name="can complete group by can complete Array() function in group by " time="0.004">
    </testcase>
    <testcase classname="can complete group by can complete next Array() function in group by " name="can complete group by can complete next Array() function in group by " time="0.085">
    </testcase>
    <testcase classname="can complete group by can complete next keywords after group by " name="can complete group by can complete next keywords after group by " time="0.024">
    </testcase>
    <testcase classname="can complete group by doesn&apos;t suggest array inside array" name="can complete group by doesn&apos;t suggest array inside array" time="0.004">
    </testcase>
    <testcase classname="can complete group by doesn&apos;t suggest array after nested property in array" name="can complete group by doesn&apos;t suggest array after nested property in array" time="0.02">
    </testcase>
    <testcase classname="can complete group by doesn&apos;t suggest array after field" name="can complete group by doesn&apos;t suggest array after field" time="0.002">
    </testcase>
  </testsuite>
  <testsuite name="can complete filter" errors="0" failures="0" skipped="0" timestamp="2022-09-02T10:33:44" time="31.422" tests="5">
    <testcase classname="can complete filter doesn&apos;t complete keywords as field name" name="can complete filter doesn&apos;t complete keywords as field name" time="0.186">
    </testcase>
    <testcase classname="can complete filter doesn&apos;t complete keywords as nested field name" name="can complete filter doesn&apos;t complete keywords as nested field name" time="0.02">
    </testcase>
    <testcase classname="can complete filter can complete next keywords after filter" name="can complete filter can complete next keywords after filter" time="0.095">
    </testcase>
    <testcase classname="can complete filter can complete filter_limit after filter" name="can complete filter can complete filter_limit after filter" time="0.021">
    </testcase>
    <testcase classname="can complete filter can&apos;t complete filter_limit when no filter" name="can complete filter can&apos;t complete filter_limit when no filter" time="0.002">
    </testcase>
  </testsuite>
  <testsuite name="can complete where" errors="0" failures="0" skipped="0" timestamp="2022-09-02T10:33:44" time="31.486" tests="9">
    <testcase classname="can complete where can complete special functions - collection has fields" name="can complete where can complete special functions - collection has fields" time="0.218">
    </testcase>
    <testcase classname="can complete where can complete special functions - collection doesn&apos;t have fields" name="can complete where can complete special functions - collection doesn&apos;t have fields" time="0.018">
    </testcase>
    <testcase classname="can complete where can complete fields - at root level" name="can complete where can complete fields - at root level" time="0.003">
    </testcase>
    <testcase classname="can complete where can complete fields - inside special functions" name="can complete where can complete fields - inside special functions" time="0.029">
    </testcase>
    <testcase classname="can complete where doesn&apos;t complete functions inside functions" name="can complete where doesn&apos;t complete functions inside functions" time="0.009">
    </testcase>
    <testcase classname="can complete where doesn&apos;t complete root keywords inside special functions" name="can complete where doesn&apos;t complete root keywords inside special functions" time="0.004">
    </testcase>
    <testcase classname="can complete where doesn&apos;t complete suggest in where" name="can complete where doesn&apos;t complete suggest in where" time="0.005">
    </testcase>
    <testcase classname="can complete where and / or  can complete and/or in where after predicate" name="can complete where and / or  can complete and/or in where after predicate" time="0.117">
    </testcase>
    <testcase classname="can complete where operators can complete math operators" name="can complete where operators can complete math operators" time="0.004">
    </testcase>
  </testsuite>
  <testsuite name="UPDATE statement" errors="0" failures="0" skipped="0" timestamp="2022-09-02T10:34:10" time="5.838" tests="3">
    <testcase classname="UPDATE statement doesn&apos;t throw when brackets are symmetrical" name="UPDATE statement doesn&apos;t throw when brackets are symmetrical" time="0.172">
    </testcase>
    <testcase classname="UPDATE statement doesn&apos;t throw with JSON inside" name="UPDATE statement doesn&apos;t throw with JSON inside" time="0.179">
    </testcase>
    <testcase classname="UPDATE statement throws when brackets aren&apos;t symmetrical" name="UPDATE statement throws when brackets aren&apos;t symmetrical" time="0.005">
    </testcase>
  </testsuite>
  <testsuite name="GROUP BY statement parser" errors="0" failures="0" skipped="0" timestamp="2022-09-02T10:34:15" time="1.054" tests="4">
    <testcase classname="GROUP BY statement parser single" name="GROUP BY statement parser single" time="0.187">
    </testcase>
    <testcase classname="GROUP BY statement parser with alias" name="GROUP BY statement parser with alias" time="0.008">
    </testcase>
    <testcase classname="GROUP BY statement parser unexpected comma before alias" name="GROUP BY statement parser unexpected comma before alias" time="0.014">
    </testcase>
    <testcase classname="GROUP BY statement parser can&apos;t use `group by` as from alias" name="GROUP BY statement parser can&apos;t use `group by` as from alias" time="0.007">
    </testcase>
  </testsuite>
  <testsuite name="can complete fields" errors="0" failures="0" skipped="0" timestamp="2022-09-02T10:34:09" time="7.079" tests="22">
    <testcase classname="can complete fields from collection can complete in group by - w/o prefix" name="can complete fields from collection can complete in group by - w/o prefix" time="0.199">
    </testcase>
    <testcase classname="can complete fields from collection can complete in group by - w/ prefix" name="can complete fields from collection can complete in group by - w/ prefix" time="0.015">
    </testcase>
    <testcase classname="can complete fields from collection can complete nested field in group by - w/ prefix" name="can complete fields from collection can complete nested field in group by - w/ prefix" time="0.009">
    </testcase>
    <testcase classname="can complete fields from collection can complete partial in group by " name="can complete fields from collection can complete partial in group by " time="0.041">
    </testcase>
    <testcase classname="can complete fields from collection can complete nested path in group by " name="can complete fields from collection can complete nested path in group by " time="0.048">
    </testcase>
    <testcase classname="can complete fields from collection can complete inner fields in group by - with spaces " name="can complete fields from collection can complete inner fields in group by - with spaces " time="0.003">
    </testcase>
    <testcase classname="can complete fields from collection can complete inner fields in group by - with out spaces " name="can complete fields from collection can complete inner fields in group by - with out spaces " time="0.003">
    </testcase>
    <testcase classname="can complete fields from collection can complete after comma - root" name="can complete fields from collection can complete after comma - root" time="0.015">
    </testcase>
    <testcase classname="can complete fields from collection can complete after comma - inner" name="can complete fields from collection can complete after comma - inner" time="0.005">
    </testcase>
    <testcase classname="can complete fields from collection doesn&apos;t complete when comma is missing" name="can complete fields from collection doesn&apos;t complete when comma is missing" time="0.005">
    </testcase>
    <testcase classname="can complete fields from collection can complete next field when no space after comma" name="can complete fields from collection can complete next field when no space after comma" time="0.005">
    </testcase>
    <testcase classname="can complete fields from collection can complete filed inside include revisions" name="can complete fields from collection can complete filed inside include revisions" time="0.015">
    </testcase>
    <testcase classname="can complete fields from index doesn&apos;t suggest group by on index" name="can complete fields from index doesn&apos;t suggest group by on index" time="0.009">
    </testcase>
    <testcase classname="can complete fields from index can complete index fields - w/o prefix" name="can complete fields from index can complete index fields - w/o prefix" time="0.061">
    </testcase>
    <testcase classname="can complete fields from index can complete index fields - w/ prefix" name="can complete fields from index can complete index fields - w/ prefix" time="0.021">
    </testcase>
    <testcase classname="can complete fields from index can complete fields with prefix when prefix is defined" name="can complete fields from index can complete fields with prefix when prefix is defined" time="0.028">
    </testcase>
    <testcase classname="can complete fields id() field can complete id field in index" name="can complete fields id() field can complete id field in index" time="0.003">
    </testcase>
    <testcase classname="can complete fields id() field can complete id() field in collection query" name="can complete fields id() field can complete id() field in collection query" time="0.003">
    </testcase>
    <testcase classname="can complete fields id() field doesn&apos;t complete id() field in collection query - when group by exist" name="can complete fields id() field doesn&apos;t complete id() field in collection query - when group by exist" time="0.004">
    </testcase>
    <testcase classname="can complete fields escaping can escape field with single quote" name="can complete fields escaping can escape field with single quote" time="0.004">
    </testcase>
    <testcase classname="can complete fields escaping can retain existing quotation - single" name="can complete fields escaping can retain existing quotation - single" time="0.017">
    </testcase>
    <testcase classname="can complete fields escaping can retain existing quotation - double" name="can complete fields escaping can retain existing quotation - double" time="0.004">
    </testcase>
  </testsuite>
  <testsuite name="Parameter statement parser" errors="0" failures="0" skipped="0" timestamp="2022-09-02T10:34:15" time="1.214" tests="4">
    <testcase classname="Parameter statement parser uncompleted definition of parameter" name="Parameter statement parser uncompleted definition of parameter" time="0.254">
    </testcase>
    <testcase classname="Parameter statement parser before query" name="Parameter statement parser before query" time="0.018">
    </testcase>
    <testcase classname="Parameter statement parser JSON without bracelets throws" name="Parameter statement parser JSON without bracelets throws" time="0.012">
    </testcase>
    <testcase classname="Parameter statement parser Json object" name="Parameter statement parser Json object" time="0.012">
    </testcase>
  </testsuite>
  <testsuite name="LOAD statement parser" errors="0" failures="0" skipped="0" timestamp="2022-09-02T10:34:15" time="1.082" tests="3">
    <testcase classname="LOAD statement parser single" name="LOAD statement parser single" time="0.141">
    </testcase>
    <testcase classname="LOAD statement parser array" name="LOAD statement parser array" time="0.009">
    </testcase>
    <testcase classname="LOAD statement parser load with reduce" name="LOAD statement parser load with reduce" time="0.083">
    </testcase>
  </testsuite>
  <testsuite name="FROM statement parser" errors="0" failures="0" skipped="0" timestamp="2022-09-02T10:34:16" time="0.973" tests="7">
    <testcase classname="FROM statement parser from collection" name="FROM statement parser from collection" time="0.111">
    </testcase>
    <testcase classname="FROM statement parser from index (w/o quotes)" name="FROM statement parser from index (w/o quotes)" time="0.007">
    </testcase>
    <testcase classname="FROM statement parser from index (w/ quotes)" name="FROM statement parser from index (w/ quotes)" time="0.006">
    </testcase>
    <testcase classname="FROM statement parser from index (w/o collection)" name="FROM statement parser from index (w/o collection)" time="0.005">
    </testcase>
    <testcase classname="FROM statement parser from index &apos;" name="FROM statement parser from index &apos;" time="0.003">
    </testcase>
    <testcase classname="FROM statement parser from index d&quot;" name="FROM statement parser from index d&quot;" time="0.003">
    </testcase>
    <testcase classname="FROM statement parser can use index as projection field" name="FROM statement parser can use index as projection field" time="0.068">
    </testcase>
  </testsuite>
  <testsuite name="Filter statement parser" errors="0" failures="0" skipped="0" timestamp="2022-09-02T10:34:16" time="1.224" tests="11">
    <testcase classname="Filter statement parser single literal" name="Filter statement parser single literal" time="0.129">
    </testcase>
    <testcase classname="Filter statement parser comma" name="Filter statement parser comma" time="0.052">
    </testcase>
    <testcase classname="Filter statement parser true and exist and filter" name="Filter statement parser true and exist and filter" time="0.082">
    </testcase>
    <testcase classname="Filter statement parser spatial" name="Filter statement parser spatial" time="0.045">
    </testcase>
    <testcase classname="Filter statement parser equal" name="Filter statement parser equal" time="0.003">
    </testcase>
    <testcase classname="Filter statement parser binary and function" name="Filter statement parser binary and function" time="0.012">
    </testcase>
    <testcase classname="Filter statement parser can&apos;t use `filter` as from alias" name="Filter statement parser can&apos;t use `filter` as from alias" time="0.01">
    </testcase>
    <testcase classname="Filter statement parser parsing function" name="Filter statement parser parsing function" time="0.003">
    </testcase>
    <testcase classname="Filter statement parser binary and function with filterLimit" name="Filter statement parser binary and function with filterLimit" time="0.007">
    </testcase>
    <testcase classname="Filter statement parser binary and function with only filterLimit" name="Filter statement parser binary and function with only filterLimit" time="0.001">
    </testcase>
    <testcase classname="Filter statement parser binary and function with limit and the end" name="Filter statement parser binary and function with limit and the end" time="0.002">
    </testcase>
  </testsuite>
  <testsuite name="queryUtil" errors="0" failures="0" skipped="0" timestamp="2022-09-02T10:34:16" time="1.261" tests="13">
    <testcase classname="queryUtil replaceSelectAndIncludeWithFetchAllStoredFields can append select" name="queryUtil replaceSelectAndIncludeWithFetchAllStoredFields can append select" time="0.104">
    </testcase>
    <testcase classname="queryUtil replaceSelectAndIncludeWithFetchAllStoredFields can replace select stmt" name="queryUtil replaceSelectAndIncludeWithFetchAllStoredFields can replace select stmt" time="0.068">
    </testcase>
    <testcase classname="queryUtil replaceSelectAndIncludeWithFetchAllStoredFields can work with index and limit" name="queryUtil replaceSelectAndIncludeWithFetchAllStoredFields can work with index and limit" time="0.016">
    </testcase>
    <testcase classname="queryUtil replaceSelectAndIncludeWithFetchAllStoredFields can work with index and include" name="queryUtil replaceSelectAndIncludeWithFetchAllStoredFields can work with index and include" time="0.009">
    </testcase>
    <testcase classname="queryUtil replaceSelectAndIncludeWithFetchAllStoredFields can replace js select" name="queryUtil replaceSelectAndIncludeWithFetchAllStoredFields can replace js select" time="0.005">
    </testcase>
    <testcase classname="queryUtil getCollectionOrIndexName can get from collection" name="queryUtil getCollectionOrIndexName can get from collection" time="0.009">
    </testcase>
    <testcase classname="queryUtil getCollectionOrIndexName can get from index" name="queryUtil getCollectionOrIndexName can get from index" time="0.002">
    </testcase>
    <testcase classname="queryUtil getCollectionOrIndexName can handle unknown" name="queryUtil getCollectionOrIndexName can handle unknown" time="0.019">
    </testcase>
    <testcase classname="queryUtil isDynamicQuery from collection is dynamic" name="queryUtil isDynamicQuery from collection is dynamic" time="0.003">
    </testcase>
    <testcase classname="queryUtil isDynamicQuery from index is not dynamic" name="queryUtil isDynamicQuery from index is not dynamic" time="0.001">
    </testcase>
    <testcase classname="queryUtil escapeName adds quotes on simple names" name="queryUtil escapeName adds quotes on simple names" time="0.001">
    </testcase>
    <testcase classname="queryUtil escapeName escapes single quotes" name="queryUtil escapeName escapes single quotes" time="0">
    </testcase>
    <testcase classname="queryUtil escapeName escapes the escape char" name="queryUtil escapeName escapes the escape char" time="0.001">
    </testcase>
  </testsuite>
  <testsuite name="databasesManager" errors="0" failures="0" skipped="0" timestamp="2022-09-02T10:34:16" time="8.497" tests="6">
    <testcase classname="databasesManager can handle non-sharded database" name="databasesManager can handle non-sharded database" time="0.005">
    </testcase>
    <testcase classname="databasesManager can handle sharded database" name="databasesManager can handle sharded database" time="0.005">
    </testcase>
    <testcase classname="databasesManager can get single shard by name" name="databasesManager can get single shard by name" time="0.003">
    </testcase>
    <testcase classname="databasesManager can get sharded database by name" name="databasesManager can get sharded database by name" time="0.002">
    </testcase>
    <testcase classname="databasesManager can update manager after db was deleted" name="databasesManager can update manager after db was deleted" time="0.002">
    </testcase>
    <testcase classname="databasesManager can update manager after single shard was deleted" name="databasesManager can update manager after single shard was deleted" time="0.001">
    </testcase>
  </testsuite>
  <testsuite name="RavenDB Queries" errors="0" failures="0" skipped="5" timestamp="2022-09-02T10:33:44" time="40.434" tests="2085">
    <testcase classname="RavenDB Queries can parse -  from &apos;Products&apos; group by &apos;1&apos; select sum(PricePerUnit) as TotalPrice, count() as ProductsCount " name="RavenDB Queries can parse -  from &apos;Products&apos; group by &apos;1&apos; select sum(PricePerUnit) as TotalPrice, count() as ProductsCount " time="0.269">
    </testcase>
    <testcase classname="RavenDB Queries can parse -  from &apos;Users&apos; where @metadata.JobId = $p0 and @metadata.Errored = $p1 " name="RavenDB Queries can parse -  from &apos;Users&apos; where @metadata.JobId = $p0 and @metadata.Errored = $p1 " time="0.102">
    </testcase>
    <testcase classname="RavenDB Queries can parse -  from index &apos;AccItems/Spatial&apos; where spatial.within(Distance, spatial.circle($p0, $p1, $p2)) select facet(id(&apos;facets/AttributeFacets&apos;)) " name="RavenDB Queries can parse -  from index &apos;AccItems/Spatial&apos; where spatial.within(Distance, spatial.circle($p0, $p1, $p2)) select facet(id(&apos;facets/AttributeFacets&apos;)) " time="0.15">
    </testcase>
    <testcase classname="RavenDB Queries can parse -  from &apos;Points&apos; where spatial.within(spatial.point(Latitude, Longitude), spatial.wkt($p0)) " name="RavenDB Queries can parse -  from &apos;Points&apos; where spatial.within(spatial.point(Latitude, Longitude), spatial.wkt($p0)) " time="0.038">
    </testcase>
    <testcase classname="RavenDB Queries can parse -  from index &apos;UsersByNameWithAdditionalSources&apos; where Name = $p0 limit $p1, $p2 " name="RavenDB Queries can parse -  from index &apos;UsersByNameWithAdditionalSources&apos; where Name = $p0 limit $p1, $p2 " time="0.014">
    </testcase>
    <testcase classname="RavenDB Queries can parse -  from &apos;Users&apos; as u select timeseries(from u.StockPrices between $p0 and $p1) as __timeSeriesQueryFunction0 limit $p2, $p3 " name="RavenDB Queries can parse -  from &apos;Users&apos; as u select timeseries(from u.StockPrices between $p0 and $p1) as __timeSeriesQueryFunction0 limit $p2, $p3 " time="0.036">
    </testcase>
    <testcase classname="RavenDB Queries can parse -  from index &apos;EntitiesByLocation&apos; " name="RavenDB Queries can parse -  from index &apos;EntitiesByLocation&apos; " time="0.002">
    </testcase>
    <testcase classname="RavenDB Queries can parse -  from &apos;Users&apos; where Age = $p0 limit $p1, $p2 " name="RavenDB Queries can parse -  from &apos;Users&apos; where Age = $p0 limit $p1, $p2 " time="0.005">
    </testcase>
    <testcase classname="RavenDB Queries can parse -  from index &apos;MyTsIndex/AllDocs&apos; " name="RavenDB Queries can parse -  from index &apos;MyTsIndex/AllDocs&apos; " time="0.003">
    </testcase>
    <testcase classname="RavenDB Queries can parse -  from &apos;People&apos; as p where id() = $p0 select timeseries(from p.HeartRate between $p1 and $p2 group by &apos;1 Days&apos;  with interpolation(Linear) select max()) as __timeSeriesQueryFunction0 limit $p3, $p4 " name="RavenDB Queries can parse -  from &apos;People&apos; as p where id() = $p0 select timeseries(from p.HeartRate between $p1 and $p2 group by &apos;1 Days&apos;  with interpolation(Linear) select max()) as __timeSeriesQueryFunction0 limit $p3, $p4 " time="0.084">
    </testcase>
    <testcase classname="RavenDB Queries can parse -  from index &apos;Simple/Index&apos; limit $p0, $p1 " name="RavenDB Queries can parse -  from index &apos;Simple/Index&apos; limit $p0, $p1 " time="0.002">
    </testcase>
    <testcase classname="RavenDB Queries can parse -  from index &apos;UsersIndexWithStoredArray&apos; as x select { Address : x.Address+&quot;22&quot;, StoredTennatns : x.StoredTennatns } " name="RavenDB Queries can parse -  from index &apos;UsersIndexWithStoredArray&apos; as x select { Address : x.Address+&quot;22&quot;, StoredTennatns : x.StoredTennatns } " time="0.005">
    </testcase>
    <testcase classname="RavenDB Queries can parse -  from index &apos;IndexWithArrowFunctionDynamicParameter&apos; " name="RavenDB Queries can parse -  from index &apos;IndexWithArrowFunctionDynamicParameter&apos; " time="0.002">
    </testcase>
    <testcase classname="RavenDB Queries can parse -  from &apos;Clients&apos; where ((FirstName = $p0 and LastName = $p1) and BirthDate = $p2) and Country = $p3 limit $p4, $p5 " name="RavenDB Queries can parse -  from &apos;Clients&apos; where ((FirstName = $p0 and LastName = $p1) and BirthDate = $p2) and Country = $p3 limit $p4, $p5 " time="0.015">
    </testcase>
    <testcase classname="RavenDB Queries can parse -  from index &apos;test&apos; where Email = $p0 order by Name, score() desc, Age as long " name="RavenDB Queries can parse -  from index &apos;test&apos; where Email = $p0 order by Name, score() desc, Age as long " time="0.02">
    </testcase>
    <testcase classname="RavenDB Queries can parse -  from index &apos;Accounts/Search&apos; order by AccountId select AccountId, AccountName, UserName, DesignName " name="RavenDB Queries can parse -  from index &apos;Accounts/Search&apos; order by AccountId select AccountId, AccountName, UserName, DesignName " time="0.003">
    </testcase>
    <testcase classname="RavenDB Queries can parse -  declare function output(o, _function) {   	var _super = _function.AccountsReceivable;   	var _var = load(_function.EmployeesIds);   	return { Company : _function, Number : _super, Employees : _var.map(function(e){return e.FirstName;}) };   }   from &apos;Orders&apos; as o load o.Company as _function select output(o, _function) " name="RavenDB Queries can parse -  declare function output(o, _function) {   	var _super = _function.AccountsReceivable;   	var _var = load(_function.EmployeesIds);   	return { Company : _function, Number : _super, Employees : _var.map(function(e){return e.FirstName;}) };   }   from &apos;Orders&apos; as o load o.Company as _function select output(o, _function) " time="0.026">
    </testcase>
    <testcase classname="RavenDB Queries can parse -  from index &apos;CommitByRevision&apos; where Revision &lt;= $p0 " name="RavenDB Queries can parse -  from index &apos;CommitByRevision&apos; where Revision &lt;= $p0 " time="0.005">
    </testcase>
    <testcase classname="RavenDB Queries can parse -  from &apos;TestView2s&apos; as x select { Children : (x.Children!=null?x.Children:[{},{Children:[{},{}]},{Names:[&quot;john&quot;,&quot;paul&quot;,&quot;george&quot;,&quot;ringo&quot;]}]) } limit $p0, $p1 " name="RavenDB Queries can parse -  from &apos;TestView2s&apos; as x select { Children : (x.Children!=null?x.Children:[{},{Children:[{},{}]},{Names:[&quot;john&quot;,&quot;paul&quot;,&quot;george&quot;,&quot;ringo&quot;]}]) } limit $p0, $p1 " time="0.007">
    </testcase>
    <testcase classname="RavenDB Queries can parse -  from &apos;Teams&apos; where IsYellow = $p0 and IsGreen = $p1 " name="RavenDB Queries can parse -  from &apos;Teams&apos; where IsYellow = $p0 and IsGreen = $p1 " time="0.009">
    </testcase>
    <testcase classname="RavenDB Queries can parse -  from index &apos;Advice/Search&apos; where search(SearchField, $p0) select facet(id(&apos;facets/ArticleFacets&apos;)) include Sections limit $p1, $p2 " name="RavenDB Queries can parse -  from index &apos;Advice/Search&apos; where search(SearchField, $p0) select facet(id(&apos;facets/ArticleFacets&apos;)) include Sections limit $p1, $p2 " time="0.08">
    </testcase>
    <testcase classname="RavenDB Queries can parse -  from &apos;OrdersByCompany&apos; limit $p0, $p1 " name="RavenDB Queries can parse -  from &apos;OrdersByCompany&apos; limit $p0, $p1 " time="0.002">
    </testcase>
    <testcase classname="RavenDB Queries can parse -  from index &apos;AccommodationsIndex&apos; where exists(ImageUrl) and exists(Categories) and ExistsInLanguage = $p0 " name="RavenDB Queries can parse -  from index &apos;AccommodationsIndex&apos; where exists(ImageUrl) and exists(Categories) and ExistsInLanguage = $p0 " time="0.012">
    </testcase>
    <testcase classname="RavenDB Queries can parse -  from &apos;EntityWithTags&apos; where (Tags = $p0) and (Tags = $p1) " name="RavenDB Queries can parse -  from &apos;EntityWithTags&apos; where (Tags = $p0) and (Tags = $p1) " time="0.01">
    </testcase>
    <testcase classname="RavenDB Queries can parse -  from index &apos;Categories/InUse/ByCity&apos; " name="RavenDB Queries can parse -  from index &apos;Categories/InUse/ByCity&apos; " time="0.002">
    </testcase>
    <testcase classname="RavenDB Queries can parse -  from index &apos;TagsCount&apos; order by Count as long desc limit $p0, $p1 " name="RavenDB Queries can parse -  from index &apos;TagsCount&apos; order by Count as long desc limit $p0, $p1 " time="0.002">
    </testcase>
    <testcase classname="RavenDB Queries can parse -  from &apos;Orders&apos; group by Employee, Company order by Count as long select Employee as RenamedEmployee, Company as RenamedCompany, count() " name="RavenDB Queries can parse -  from &apos;Orders&apos; group by Employee, Company order by Count as long select Employee as RenamedEmployee, Company as RenamedCompany, count() " time="0.005">
    </testcase>
    <testcase classname="RavenDB Queries can parse -  from &apos;Debtors&apos; as d select { Name : d.Name, OrderDays : d.OrderDays.filter((function(a){return a.Day!=null;})).reduce(function(_obj, _cur) {_obj[(function(a){return a.Day;})(_cur)] = (function(a){return a.Name;})(_cur);return _obj;}, {}) } " name="RavenDB Queries can parse -  from &apos;Debtors&apos; as d select { Name : d.Name, OrderDays : d.OrderDays.filter((function(a){return a.Day!=null;})).reduce(function(_obj, _cur) {_obj[(function(a){return a.Day;})(_cur)] = (function(a){return a.Name;})(_cur);return _obj;}, {}) } " time="0.007">
    </testcase>
    <testcase classname="RavenDB Queries can parse -  from &apos;People&apos; as p select timeseries(from p.HeartRate between $p0 and $p1 select standarddeviation(), min(), max() scale 0.001) as __timeSeriesQueryFunction0 limit $p2, $p3 " name="RavenDB Queries can parse -  from &apos;People&apos; as p select timeseries(from p.HeartRate between $p0 and $p1 select standarddeviation(), min(), max() scale 0.001) as __timeSeriesQueryFunction0 limit $p2, $p3 " time="0.011">
    </testcase>
    <testcase classname="RavenDB Queries can parse -  from index &apos;Companies/ByName/TimeSeries&apos; select Name limit $p0, $p1 " name="RavenDB Queries can parse -  from index &apos;Companies/ByName/TimeSeries&apos; select Name limit $p0, $p1 " time="0.014">
    </testcase>
    <testcase classname="RavenDB Queries can parse -  from &apos;Users&apos; where LastName = $p0 " name="RavenDB Queries can parse -  from &apos;Users&apos; where LastName = $p0 " time="0.002">
    </testcase>
    <testcase classname="RavenDB Queries can parse -  from &apos;Users&apos; as u select timeseries(from u.Heartrate group by &apos;1 Months&apos;   select average(), max()) as __timeSeriesQueryFunction0 " name="RavenDB Queries can parse -  from &apos;Users&apos; as u select timeseries(from u.Heartrate group by &apos;1 Months&apos;   select average(), max()) as __timeSeriesQueryFunction0 " time="0.004">
    </testcase>
    <testcase classname="RavenDB Queries can parse -  from index &apos;SearchableElements&apos; where PermittedUsers in ($p0) limit $p1, $p2 " name="RavenDB Queries can parse -  from index &apos;SearchableElements&apos; where PermittedUsers in ($p0) limit $p1, $p2 " time="0.004">
    </testcase>
    <testcase classname="RavenDB Queries can parse -  from &apos;Friends&apos; " name="RavenDB Queries can parse -  from &apos;Friends&apos; " time="0.005">
    </testcase>
    <testcase classname="RavenDB Queries can parse -  from index &apos;MapReduceIndexReturningDictionaryWithComplexObjects/MethodSyntax&apos; where search(Address, $p0) " name="RavenDB Queries can parse -  from index &apos;MapReduceIndexReturningDictionaryWithComplexObjects/MethodSyntax&apos; where search(Address, $p0) " time="0.012">
    </testcase>
    <testcase classname="RavenDB Queries can parse -  from index &apos;TestIndexArraysLastIndexOf&apos; where LastIndexOfOfMyStringArrayWithIndex = $p0 " name="RavenDB Queries can parse -  from index &apos;TestIndexArraysLastIndexOf&apos; where LastIndexOfOfMyStringArrayWithIndex = $p0 " time="0.003">
    </testcase>
    <testcase classname="RavenDB Queries can parse -  from &apos;Test\u0006Users&apos; " name="RavenDB Queries can parse -  from &apos;Test\u0006Users&apos; " time="0.002">
    </testcase>
    <testcase classname="RavenDB Queries can parse -  from index &apos;PersonDOBIndex&apos; select facet(BirthDate &gt;= $p1 and BirthDate &lt; $p2, BirthDate &gt;= $p3 and BirthDate &lt; $p4, $p0) " name="RavenDB Queries can parse -  from index &apos;PersonDOBIndex&apos; select facet(BirthDate &gt;= $p1 and BirthDate &lt; $p2, BirthDate &gt;= $p3 and BirthDate &lt; $p4, $p0) " time="0.007">
    </testcase>
    <testcase classname="RavenDB Queries can parse -  from index &apos;LastAccessPerUserDateTimeDefaultIndex&apos; select Name, LastAccess " name="RavenDB Queries can parse -  from index &apos;LastAccessPerUserDateTimeDefaultIndex&apos; select Name, LastAccess " time="0.002">
    </testcase>
    <testcase classname="RavenDB Queries can parse -  from &apos;Orders&apos; where ShipTo.City = $p0 " name="RavenDB Queries can parse -  from &apos;Orders&apos; where ShipTo.City = $p0 " time="0.004">
    </testcase>
    <testcase classname="RavenDB Queries can parse -  from &apos;TestClasses&apos; select distinct Value2 " name="RavenDB Queries can parse -  from &apos;TestClasses&apos; select distinct Value2 " time="0.004">
    </testcase>
    <testcase classname="RavenDB Queries can parse -  from index &apos;OrdersMapReduceIndex&apos; " name="RavenDB Queries can parse -  from index &apos;OrdersMapReduceIndex&apos; " time="0.001">
    </testcase>
    <testcase classname="RavenDB Queries can parse -  from index &apos;Courses/Search2&apos; where Query = $p0 " name="RavenDB Queries can parse -  from index &apos;Courses/Search2&apos; where Query = $p0 " time="0.003">
    </testcase>
    <testcase classname="RavenDB Queries can parse -  from &apos;Users&apos; where (Name = $p0 or (Name = $p1 and Name = $p2)) or (Name = $p3 and Name = $p4) " name="RavenDB Queries can parse -  from &apos;Users&apos; where (Name = $p0 or (Name = $p1 and Name = $p2)) or (Name = $p3 and Name = $p4) " time="0.017">
    </testcase>
    <testcase classname="RavenDB Queries can parse -  from index &apos;ThenByIndex&apos; select SmallestQuantity, LargestQuantity, Aggregate, AggregateWithSeed, AggregateWithSeedAndSelector, Join, GroupJoin, TakeWhile, TakeWhileIndexWithIndex, SkipWhile, SkipWhileIndexWithIndex, LongCount, LongCountWithPredicate " name="RavenDB Queries can parse -  from index &apos;ThenByIndex&apos; select SmallestQuantity, LargestQuantity, Aggregate, AggregateWithSeed, AggregateWithSeedAndSelector, Join, GroupJoin, TakeWhile, TakeWhileIndexWithIndex, SkipWhile, SkipWhileIndexWithIndex, LongCount, LongCountWithPredicate " time="0.022">
    </testcase>
    <testcase classname="RavenDB Queries can parse -  from &apos;Orders&apos; group by Lines[].Product select key() as ProductName, count() " name="RavenDB Queries can parse -  from &apos;Orders&apos; group by Lines[].Product select key() as ProductName, count() " time="0.011">
    </testcase>
    <testcase classname="RavenDB Queries can parse -  from &apos;Dogs&apos; where Cute = $p0 limit $p1, $p2 " name="RavenDB Queries can parse -  from &apos;Dogs&apos; where Cute = $p0 limit $p1, $p2 " time="0.003">
    </testcase>
    <testcase classname="RavenDB Queries can parse -  from &apos;Bookings&apos; as x where x.FirstName = $p0 select { Number : toStringWithFormat(x.Number) } " name="RavenDB Queries can parse -  from &apos;Bookings&apos; as x where x.FirstName = $p0 select { Number : toStringWithFormat(x.Number) } " time="0.005">
    </testcase>
    <testcase classname="RavenDB Queries can parse -  from &apos;Users&apos; where boost(Name = $p0, 2) and boost(Name = $p1, 3) and boost(Name = $p2, 4) and boost(Name = $p3, 5) and boost(Name = $p4, 6) " name="RavenDB Queries can parse -  from &apos;Users&apos; where boost(Name = $p0, 2) and boost(Name = $p1, 3) and boost(Name = $p2, 4) and boost(Name = $p3, 5) and boost(Name = $p4, 6) " time="0.037">
    </testcase>
    <testcase classname="RavenDB Queries can parse -  from index &apos;TimeoutsIndex&apos; where Owner = $p0 order by Time select Time " name="RavenDB Queries can parse -  from index &apos;TimeoutsIndex&apos; where Owner = $p0 order by Time select Time " time="0.003">
    </testcase>
    <testcase classname="RavenDB Queries can parse -  from index &apos;MapReduceIndexWithNestedField2&apos; " name="RavenDB Queries can parse -  from index &apos;MapReduceIndexWithNestedField2&apos; " time="0.001">
    </testcase>
    <testcase classname="RavenDB Queries can parse -  from &apos;Builds&apos; as entry where entry.IsPublic = $p0 load entry.TeamCityBuildLocalId as __load select __load.BuildDate " name="RavenDB Queries can parse -  from &apos;Builds&apos; as entry where entry.IsPublic = $p0 load entry.TeamCityBuildLocalId as __load select __load.BuildDate " time="0.003">
    </testcase>
    <testcase classname="RavenDB Queries can parse -  from index &apos;DateIndex&apos; where DateTime = $p0 " name="RavenDB Queries can parse -  from index &apos;DateIndex&apos; where DateTime = $p0 " time="0.003">
    </testcase>
    <testcase classname="RavenDB Queries can parse -  from index &apos;WithDynamicIndex&apos; order by N1_D_Range desc select SongId, NumericAttributes limit $p0, $p1 " name="RavenDB Queries can parse -  from index &apos;WithDynamicIndex&apos; order by N1_D_Range desc select SongId, NumericAttributes limit $p0, $p1 " time="0.013">
    </testcase>
    <testcase classname="RavenDB Queries can parse -  from &apos;Users&apos; where (((Name = $p0 and Name = $p1) and Name = $p2) or Name = $p3) or Name = $p4 " name="RavenDB Queries can parse -  from &apos;Users&apos; where (((Name = $p0 and Name = $p1) and Name = $p2) or Name = $p3) or Name = $p4 " time="0.013">
    </testcase>
    <testcase classname="RavenDB Queries can parse -  from index &apos;Companies/ByPhone&apos; " name="RavenDB Queries can parse -  from index &apos;Companies/ByPhone&apos; " time="0.002">
    </testcase>
    <testcase classname="RavenDB Queries can parse -  from index &apos;DocsIndex&apos; order by Id " name="RavenDB Queries can parse -  from index &apos;DocsIndex&apos; order by Id " time="0.001">
    </testcase>
    <testcase classname="RavenDB Queries can parse -  from index &apos;DoubleIndex&apos; select id() as Id, DoubleValue " name="RavenDB Queries can parse -  from index &apos;DoubleIndex&apos; select id() as Id, DoubleValue " time="0.009">
    </testcase>
    <testcase classname="RavenDB Queries can parse -  from index &apos;Orders/ByCompany&apos; " name="RavenDB Queries can parse -  from index &apos;Orders/ByCompany&apos; " time="0.001">
    </testcase>
    <testcase classname="RavenDB Queries can parse -  from &apos;Companies&apos; order by custom(Name, &apos;CanUseCustomSorterWithOperations_697&apos;) desc " name="RavenDB Queries can parse -  from &apos;Companies&apos; order by custom(Name, &apos;CanUseCustomSorterWithOperations_697&apos;) desc " time="0.003">
    </testcase>
    <testcase classname="RavenDB Queries can parse -  from index &apos;IndexReturningDictionaryWithComplexObjects/MethodSyntax&apos; where Address_ZipCode = $p0 " name="RavenDB Queries can parse -  from index &apos;IndexReturningDictionaryWithComplexObjects/MethodSyntax&apos; where Address_ZipCode = $p0 " time="0.007">
    </testcase>
    <testcase classname="RavenDB Queries can parse -  from &apos;TestViews&apos; as x select { Children : (x.Children!=null?x.Children:[]) } limit $p0, $p1 " name="RavenDB Queries can parse -  from &apos;TestViews&apos; as x select { Children : (x.Children!=null?x.Children:[]) } limit $p0, $p1 " time="0.002">
    </testcase>
    <testcase classname="RavenDB Queries can parse -  from index &apos;EntitySpatialIndex2&apos; where spatial.within(Coordinates, spatial.wkt($p0)) " name="RavenDB Queries can parse -  from index &apos;EntitySpatialIndex2&apos; where spatial.within(Coordinates, spatial.wkt($p0)) " time="0.003">
    </testcase>
    <testcase classname="RavenDB Queries can parse -  from index &apos;MyJSIndex&apos; where NameButDifferentName = $p0 select NewPropertyName, NameButDifferentName " name="RavenDB Queries can parse -  from index &apos;MyJSIndex&apos; where NameButDifferentName = $p0 select NewPropertyName, NameButDifferentName " time="0.003">
    </testcase>
    <testcase classname="RavenDB Queries can parse -  from index &apos;User/Index&apos; select NameDictionary, Name, NameArray, LongString limit $p0, $p1 " name="RavenDB Queries can parse -  from index &apos;User/Index&apos; select NameDictionary, Name, NameArray, LongString limit $p0, $p1 " time="0.002">
    </testcase>
    <testcase classname="RavenDB Queries can parse -  from index &apos;Color/ForSearch&apos; where CreatedDate between $p0 and $p1 select facet(CreatedDate &lt; $p2, CreatedDate &gt;= $p3 and CreatedDate &lt; $p4, CreatedDate &gt;= $p5 and CreatedDate &lt; $p6, CreatedDate &gt;= $p7 and CreatedDate &lt; $p8, CreatedDate &gt;= $p9 and CreatedDate &lt; $p10, CreatedDate &gt;= $p11 and CreatedDate &lt; $p12, CreatedDate &gt;= $p13) as CreatedDate " name="RavenDB Queries can parse -  from index &apos;Color/ForSearch&apos; where CreatedDate between $p0 and $p1 select facet(CreatedDate &lt; $p2, CreatedDate &gt;= $p3 and CreatedDate &lt; $p4, CreatedDate &gt;= $p5 and CreatedDate &lt; $p6, CreatedDate &gt;= $p7 and CreatedDate &lt; $p8, CreatedDate &gt;= $p9 and CreatedDate &lt; $p10, CreatedDate &gt;= $p11 and CreatedDate &lt; $p12, CreatedDate &gt;= $p13) as CreatedDate " time="0.009">
    </testcase>
    <testcase classname="RavenDB Queries can parse -  from index &apos;TestIndexArraysLastIndexOf&apos; where LastIndexOfOfMyDoubleArrayWithIndex = $p0 " name="RavenDB Queries can parse -  from index &apos;TestIndexArraysLastIndexOf&apos; where LastIndexOfOfMyDoubleArrayWithIndex = $p0 " time="0.003">
    </testcase>
    <testcase classname="RavenDB Queries can parse -  from index &apos;CameraCost&apos; where Zoom &gt; $p0 select facet([NULL TO 2021-07-11T15-14-25.4134306], [2021-07-11T15-14-25.4134306 TO 2021-07-14T15-14-25.4134306], [2021-07-14T15-14-25.4134306 TO 2021-07-21T15-14-25.4134306], [2021-07-21T15-14-25.4134306 TO 2021-07-28T15-14-25.4134306], [2021-07-28T15-14-25.4134306 TO NULL]) " name="RavenDB Queries can parse -  from index &apos;CameraCost&apos; where Zoom &gt; $p0 select facet([NULL TO 2021-07-11T15-14-25.4134306], [2021-07-11T15-14-25.4134306 TO 2021-07-14T15-14-25.4134306], [2021-07-14T15-14-25.4134306 TO 2021-07-21T15-14-25.4134306], [2021-07-21T15-14-25.4134306 TO 2021-07-28T15-14-25.4134306], [2021-07-28T15-14-25.4134306 TO NULL]) " time="0.04">
    </testcase>
    <testcase classname="RavenDB Queries can parse -  from index &apos;User/Entity&apos; where (CreatedDate &gt;= $p0) and (CreatedDate &lt;= $p1) order by CreatedDate " name="RavenDB Queries can parse -  from index &apos;User/Entity&apos; where (CreatedDate &gt;= $p0) and (CreatedDate &lt;= $p1) order by CreatedDate " time="0.006">
    </testcase>
    <testcase classname="RavenDB Queries can parse -  from index &apos;Items/Numbers&apos; select id() as Id, Int1, Int2, Double1, Double2, Decimal1, Decimal2, Long1, Long2 " name="RavenDB Queries can parse -  from index &apos;Items/Numbers&apos; select id() as Id, Int1, Int2, Double1, Double2, Decimal1, Decimal2, Long1, Long2 " time="0.006">
    </testcase>
    <testcase classname="RavenDB Queries can parse -  from index &apos;CatsAndDogs&apos; order by Name " name="RavenDB Queries can parse -  from index &apos;CatsAndDogs&apos; order by Name " time="0.002">
    </testcase>
    <testcase classname="RavenDB Queries can parse -  from index &apos;Index&apos; where &apos;Fields_users/1-A&apos; = $p0 " name="RavenDB Queries can parse -  from index &apos;Index&apos; where &apos;Fields_users/1-A&apos; = $p0 " time="0.011">
    </testcase>
    <testcase classname="RavenDB Queries can parse -  from &apos;People&apos; as p where p.Age &gt; $p0 select timeseries(from p.Heartrate between $p1 and $p2 load Tag as src where (Values[0] &lt;= src.Accuracy)) as __timeSeriesQueryFunction0 limit $p3, $p4 " name="RavenDB Queries can parse -  from &apos;People&apos; as p where p.Age &gt; $p0 select timeseries(from p.Heartrate between $p1 and $p2 load Tag as src where (Values[0] &lt;= src.Accuracy)) as __timeSeriesQueryFunction0 limit $p3, $p4 " time="0.016">
    </testcase>
    <testcase classname="RavenDB Queries can parse -  from index &apos;MyIndex&apos; where Status = $p0 " name="RavenDB Queries can parse -  from index &apos;MyIndex&apos; where Status = $p0 " time="0.006">
    </testcase>
    <testcase classname="RavenDB Queries can parse -  from index &apos;PersonByDate&apos; where Date_Hour &gt;= $p0 " name="RavenDB Queries can parse -  from index &apos;PersonByDate&apos; where Date_Hour &gt;= $p0 " time="0.003">
    </testcase>
    <testcase classname="RavenDB Queries can parse -  from index &apos;TracksIndex&apos; order by Title as alphaNumeric desc select Title limit $p0, $p1 " name="RavenDB Queries can parse -  from index &apos;TracksIndex&apos; order by Title as alphaNumeric desc select Title limit $p0, $p1 " time="0.004">
    </testcase>
    <testcase classname="RavenDB Queries can parse -  from index &apos;Users&apos; limit $p0, $p1 " name="RavenDB Queries can parse -  from index &apos;Users&apos; limit $p0, $p1 " time="0.002">
    </testcase>
    <testcase classname="RavenDB Queries can parse -  from &apos;Test\u001bUsers&apos; " name="RavenDB Queries can parse -  from &apos;Test\u001bUsers&apos; " time="0.001">
    </testcase>
    <testcase classname="RavenDB Queries can parse -  from &apos;Rations&apos; where Composition[].IngredientId = $p0 " name="RavenDB Queries can parse -  from &apos;Rations&apos; where Composition[].IngredientId = $p0 " time="0.007">
    </testcase>
    <testcase classname="RavenDB Queries can parse -  from &apos;Users&apos; where (((Name = $p0 and Name = $p1) and Name = $p2) and Name = $p3) and Name = $p4 " name="RavenDB Queries can parse -  from &apos;Users&apos; where (((Name = $p0 and Name = $p1) and Name = $p2) and Name = $p3) and Name = $p4 " time="0.016">
    </testcase>
    <testcase classname="RavenDB Queries can parse -  from &apos;Registrations&apos; limit $p0, $p1 " name="RavenDB Queries can parse -  from &apos;Registrations&apos; limit $p0, $p1 " time="0.001">
    </testcase>
    <testcase classname="RavenDB Queries can parse -  declare function output(o, __alias0) {   	var update = __alias0;   	return { Company : update.Name };   }   from &apos;Orders&apos; as o load o.Company as __alias0 select output(o, __alias0) " name="RavenDB Queries can parse -  declare function output(o, __alias0) {   	var update = __alias0;   	return { Company : update.Name };   }   from &apos;Orders&apos; as o load o.Company as __alias0 select output(o, __alias0) " time="0.003">
    </testcase>
    <testcase classname="RavenDB Queries can parse -  from &apos;Users&apos; as x select timeseries(from x.&apos;gas m3 usage&apos; group by &apos;1 Days&apos;   select min(), max()) as __timeSeriesQueryFunction0 limit $p0, $p1 " name="RavenDB Queries can parse -  from &apos;Users&apos; as x select timeseries(from x.&apos;gas m3 usage&apos; group by &apos;1 Days&apos;   select min(), max()) as __timeSeriesQueryFunction0 limit $p0, $p1 " time="0.008">
    </testcase>
    <testcase classname="RavenDB Queries can parse -  from &apos;Items&apos; where spatial.within(spatial.point(Latitude, Longitude), spatial.circle($p0, $p1, $p2)) order by spatial.distance(&apos;spatial.point(Latitude, Longitude)&apos;, spatial.point($p3, $p4)) desc " name="RavenDB Queries can parse -  from &apos;Items&apos; where spatial.within(spatial.point(Latitude, Longitude), spatial.circle($p0, $p1, $p2)) order by spatial.distance(&apos;spatial.point(Latitude, Longitude)&apos;, spatial.point($p3, $p4)) desc " time="0.009">
    </testcase>
    <testcase classname="RavenDB Queries can parse -  from &apos;Users&apos; as customer select { CustomerName : customer.GivenName+&quot; &quot;+customer.FamilyName, Phone : Object.keys(customer.Phones).map(function(a){return{Key: a,Value:customer.Phones[a]};}).filter(function(phone){return phone.Key===&quot;Work&quot;;}) } " name="RavenDB Queries can parse -  from &apos;Users&apos; as customer select { CustomerName : customer.GivenName+&quot; &quot;+customer.FamilyName, Phone : Object.keys(customer.Phones).map(function(a){return{Key: a,Value:customer.Phones[a]};}).filter(function(phone){return phone.Key===&quot;Work&quot;;}) } " time="0.003">
    </testcase>
    <testcase classname="RavenDB Queries can parse -  from index &apos;SampleData/Index&apos; where search(Name, $p0) limit $p1, $p2 " name="RavenDB Queries can parse -  from index &apos;SampleData/Index&apos; where search(Name, $p0) limit $p1, $p2 " time="0.006">
    </testcase>
    <testcase classname="RavenDB Queries can parse -  from index &apos;FindByLatLng&apos; " name="RavenDB Queries can parse -  from index &apos;FindByLatLng&apos; " time="0.001">
    </testcase>
    <testcase classname="RavenDB Queries can parse -  from index &apos;UsersIndex&apos; select School.Id " name="RavenDB Queries can parse -  from index &apos;UsersIndex&apos; select School.Id " time="0.001">
    </testcase>
    <testcase classname="RavenDB Queries can parse -  from index &apos;SampleData/Index&apos; order by Name " name="RavenDB Queries can parse -  from index &apos;SampleData/Index&apos; order by Name " time="0.002">
    </testcase>
    <testcase classname="RavenDB Queries can parse -  from index &apos;CameraCost&apos; where Cost &lt; $p0 select facet(id(&apos;facets/CameraFacets&apos;)) " name="RavenDB Queries can parse -  from index &apos;CameraCost&apos; where Cost &lt; $p0 select facet(id(&apos;facets/CameraFacets&apos;)) " time="0.004">
    </testcase>
    <testcase classname="RavenDB Queries can parse -  from index &apos;MyMultiMapCounterIndex&apos; " name="RavenDB Queries can parse -  from index &apos;MyMultiMapCounterIndex&apos; " time="0.001">
    </testcase>
    <testcase classname="RavenDB Queries can parse -  from index &apos;IndexReturningDictionaryWithComplexObjects/QuerySyntax&apos; " name="RavenDB Queries can parse -  from index &apos;IndexReturningDictionaryWithComplexObjects/QuerySyntax&apos; " time="0.001">
    </testcase>
    <testcase classname="RavenDB Queries can parse -  from &apos;TestClasses&apos; select distinct Value " name="RavenDB Queries can parse -  from &apos;TestClasses&apos; select distinct Value " time="0.001">
    </testcase>
    <testcase classname="RavenDB Queries can parse -  from index &apos;PersonDOBIndex&apos; select facet(Children_BirthDate &gt;= &apos;2000-01-01T00:00:00.0000000&apos; and Children_BirthDate &lt; &apos;2009-12-31T00:00:00.0000000&apos;, Children_BirthDate &gt;= &apos;2010-01-01T00:00:00.0000000&apos; and Children_BirthDate &lt; &apos;2019-12-31T00:00:00.0000000&apos;, $p0) " name="RavenDB Queries can parse -  from index &apos;PersonDOBIndex&apos; select facet(Children_BirthDate &gt;= &apos;2000-01-01T00:00:00.0000000&apos; and Children_BirthDate &lt; &apos;2009-12-31T00:00:00.0000000&apos;, Children_BirthDate &gt;= &apos;2010-01-01T00:00:00.0000000&apos; and Children_BirthDate &lt; &apos;2019-12-31T00:00:00.0000000&apos;, $p0) " time="0.008">
    </testcase>
    <testcase classname="RavenDB Queries can parse -  from &apos;People&apos; where id() = $p0 select timeseries(from HeartRate between $p1 and $p2 group by &apos;1 Hours&apos;   select max(), min() scale 0.01) as __timeSeriesQueryFunction limit $p3, $p4 " name="RavenDB Queries can parse -  from &apos;People&apos; where id() = $p0 select timeseries(from HeartRate between $p1 and $p2 group by &apos;1 Hours&apos;   select max(), min() scale 0.01) as __timeSeriesQueryFunction limit $p3, $p4 " time="0.01">
    </testcase>
    <testcase classname="RavenDB Queries can parse -  from index &apos;KmGeoIndex&apos; where spatial.within(Location, spatial.circle($p0, $p1, $p2)) limit $p3, $p4 " name="RavenDB Queries can parse -  from index &apos;KmGeoIndex&apos; where spatial.within(Location, spatial.circle($p0, $p1, $p2)) limit $p3, $p4 " time="0.005">
    </testcase>
    <testcase classname="RavenDB Queries can parse -  from index &apos;MyIndex&apos; where Year = $p0 and Series = $p1 " name="RavenDB Queries can parse -  from index &apos;MyIndex&apos; where Year = $p0 and Series = $p1 " time="0.008">
    </testcase>
    <testcase classname="RavenDB Queries can parse -  from index &apos;MyIndex&apos; where search(Name, $p0) limit $p1, $p2 " name="RavenDB Queries can parse -  from index &apos;MyIndex&apos; where search(Name, $p0) limit $p1, $p2 " time="0.007">
    </testcase>
    <testcase classname="RavenDB Queries can parse -  from &apos;Companies&apos; where startsWith(Name, $p0) " name="RavenDB Queries can parse -  from &apos;Companies&apos; where startsWith(Name, $p0) " time="0.011">
    </testcase>
    <testcase classname="RavenDB Queries can parse -  from index &apos;Cars&apos; where Year = $p0 select facet(Make, avg(Price)) " name="RavenDB Queries can parse -  from index &apos;Cars&apos; where Year = $p0 select facet(Make, avg(Price)) " time="0.028">
    </testcase>
    <testcase classname="RavenDB Queries can parse -  from index &apos;SomeIndex&apos; where Cost between $p0 and $p1 select facet(id(&apos;facets/CameraFacets&apos;)) " name="RavenDB Queries can parse -  from index &apos;SomeIndex&apos; where Cost between $p0 and $p1 select facet(id(&apos;facets/CameraFacets&apos;)) " time="0.005">
    </testcase>
    <testcase classname="RavenDB Queries can parse -  from index &apos;Users/ByName&apos; select facet(Name) " name="RavenDB Queries can parse -  from index &apos;Users/ByName&apos; select facet(Name) " time="0.013">
    </testcase>
    <testcase classname="RavenDB Queries can parse -  from index &apos;PeopleIndex14&apos; limit $p0, $p1 " name="RavenDB Queries can parse -  from index &apos;PeopleIndex14&apos; limit $p0, $p1 " time="0.002">
    </testcase>
    <testcase classname="RavenDB Queries can parse -  from index &apos;Index/With/DynamicBlittableJson/Extension/Methods&apos; " name="RavenDB Queries can parse -  from index &apos;Index/With/DynamicBlittableJson/Extension/Methods&apos; " time="0.001">
    </testcase>
    <testcase classname="RavenDB Queries can parse -  from index &apos;AccItems/Attributes&apos; select facet(id(&apos;facets/AttributeFacets&apos;)) " name="RavenDB Queries can parse -  from index &apos;AccItems/Attributes&apos; select facet(id(&apos;facets/AttributeFacets&apos;)) " time="0.004">
    </testcase>
    <testcase classname="RavenDB Queries can parse -  from index &apos;Does_Not_Exist&apos; where FirstName = $p0 " name="RavenDB Queries can parse -  from index &apos;Does_Not_Exist&apos; where FirstName = $p0 " time="0.002">
    </testcase>
    <testcase classname="RavenDB Queries can parse -  from index &apos;CommitByRevision&apos; where Revision &gt; $p0 or Revision &lt;= $p1 " name="RavenDB Queries can parse -  from index &apos;CommitByRevision&apos; where Revision &gt; $p0 or Revision &lt;= $p1 " time="0.023">
    </testcase>
    <testcase classname="RavenDB Queries can parse -  from &apos;Users&apos; group by Name where Name = $p0 select key() as Name, count() " name="RavenDB Queries can parse -  from &apos;Users&apos; group by Name where Name = $p0 select key() as Name, count() " time="0.006">
    </testcase>
[...]
(Age59), facet(Age60), facet(Age61), facet(Age62), facet(Age63), facet(Age64), facet(Age65), facet(Age66), facet(Age67), facet(Age68), facet(Age69), facet(Age70), facet(Age71), facet(Age72), facet(Age73), facet(Age74), facet(Age75), facet(Age76), facet(Age77), facet(Age78), facet(Age79), facet(Age80), facet(Age81), facet(Age82), facet(Age83), facet(Age84), facet(Age85), facet(Age86), facet(Age87), facet(Age88), facet(Age89), facet(Age90), facet(Age91), facet(Age92), facet(Age93), facet(Age94), facet(Age95), facet(Age96), facet(Age97), facet(Age98), facet(Age99), facet(Age100), facet(Age101), facet(Age102), facet(Age103), facet(Age104), facet(Age105), facet(Age106), facet(Age107), facet(Age108), facet(Age109), facet(Age110), facet(Age111), facet(Age112), facet(Age113), facet(Age114), facet(Age115), facet(Age116), facet(Age117), facet(Age118), facet(Age119), facet(Age120), facet(Age121), facet(Age122), facet(Age123), facet(Age124), facet(Age125), facet(Age126), facet(Age127), facet(Age128), facet(Age129), facet(Age130), facet(Age131), facet(Age132), facet(Age133), facet(Age134), facet(Age135), facet(Age136), facet(Age137), facet(Age138), facet(Age139), facet(Age140), facet(Age141), facet(Age142), facet(Age143), facet(Age144), facet(Age145), facet(Age146), facet(Age147), facet(Age148), facet(Age149), facet(Age150), facet(Age151), facet(Age152), facet(Age153), facet(Age154), facet(Age155), facet(Age156), facet(Age157), facet(Age158), facet(Age159), facet(Age160), facet(Age161), facet(Age162), facet(Age163), facet(Age164), facet(Age165), facet(Age166), facet(Age167), facet(Age168), facet(Age169), facet(Age170), facet(Age171), facet(Age172), facet(Age173), facet(Age174), facet(Age175), facet(Age176), facet(Age177), facet(Age178), facet(Age179), facet(Age180), facet(Age181), facet(Age182), facet(Age183), facet(Age184), facet(Age185), facet(Age186), facet(Age187), facet(Age188), facet(Age189), facet(Age190), facet(Age191), facet(Age192), facet(Age193), facet(Age194), facet(Age195), facet(Age196), facet(Age197), facet(Age198), facet(Age199), facet(Age200) " time="0.124">
    </testcase>
    <testcase classname="RavenDB Queries can parse -  from &apos;EdgeCaseValues&apos; where DecimalMinVal = $p0 " name="RavenDB Queries can parse -  from &apos;EdgeCaseValues&apos; where DecimalMinVal = $p0 " time="0.002">
    </testcase>
    <testcase classname="RavenDB Queries can parse -  from index &apos;Services/QueryIndex&apos; " name="RavenDB Queries can parse -  from index &apos;Services/QueryIndex&apos; " time="0">
    </testcase>
    <testcase classname="RavenDB Queries can parse -  from &apos;MyEntities&apos; where StringData = $p0 limit $p1, $p2 " name="RavenDB Queries can parse -  from &apos;MyEntities&apos; where StringData = $p0 limit $p1, $p2 " time="0.002">
    </testcase>
    <testcase classname="RavenDB Queries can parse -  from index &apos;Companies/ByUnknown/WithIndexMissingFieldsAsNull&apos; where Unknown = $p0 " name="RavenDB Queries can parse -  from index &apos;Companies/ByUnknown/WithIndexMissingFieldsAsNull&apos; where Unknown = $p0 " time="0.001">
    </testcase>
    <testcase classname="RavenDB Queries can parse -  from index &apos;Index1&apos; as c load c.OrderId as o select o limit $p0, $p1 " name="RavenDB Queries can parse -  from index &apos;Index1&apos; as c load c.OrderId as o select o limit $p0, $p1 " time="0.002">
    </testcase>
    <testcase classname="RavenDB Queries can parse -  with {from &apos;Friends&apos;} as F1   with {from &apos;Friends&apos;} as F2   with edges(Friends) {where FriendsSince &gt;= &apos;2020-08-10T12:42:55.4827944Z&apos; select FriendId}  as L1   match (F1)-[L1]-&gt;(F2) " name="RavenDB Queries can parse -  with {from &apos;Friends&apos;} as F1   with {from &apos;Friends&apos;} as F2   with edges(Friends) {where FriendsSince &gt;= &apos;2020-08-10T12:42:55.4827944Z&apos; select FriendId}  as L1   match (F1)-[L1]-&gt;(F2) " time="0">
      <skipped/>
    </testcase>
    <testcase classname="RavenDB Queries can parse -  from &apos;Items&apos; where spatial.within(spatial.point(Latitude, Longitude), spatial.circle($p0, $p1, $p2)) " name="RavenDB Queries can parse -  from &apos;Items&apos; where spatial.within(spatial.point(Latitude, Longitude), spatial.circle($p0, $p1, $p2)) " time="0.002">
    </testcase>
    <testcase classname="RavenDB Queries can parse -  from index &apos;Users/ByDisplayNameReversed&apos; where startsWith(DisplayNameReversed, $p0) " name="RavenDB Queries can parse -  from index &apos;Users/ByDisplayNameReversed&apos; where startsWith(DisplayNameReversed, $p0) " time="0.004">
    </testcase>
    <testcase classname="RavenDB Queries can parse -  from &apos;RavenDocuments&apos; as d where id() = $p0 select { SubDocResults : d.SubDocs.sort(function (a, b){ return b.Value - a.Value;}).filter(function(s){return s.Value&gt;1;}).map(function(s){return {Val:s.Value,Date:s.Date};}) } " name="RavenDB Queries can parse -  from &apos;RavenDocuments&apos; as d where id() = $p0 select { SubDocResults : d.SubDocs.sort(function (a, b){ return b.Value - a.Value;}).filter(function(s){return s.Value&gt;1;}).map(function(s){return {Val:s.Value,Date:s.Date};}) } " time="0.003">
    </testcase>
    <testcase classname="RavenDB Queries can parse -  from index &apos;test&apos; where (exists(Tags) and not search(Tags, $p0)) or Name = $p1 " name="RavenDB Queries can parse -  from index &apos;test&apos; where (exists(Tags) and not search(Tags, $p0)) or Name = $p1 " time="0.005">
    </testcase>
    <testcase classname="RavenDB Queries can parse -  from index &apos;UsersByName&apos; where Name = cmpxchg($p0) limit $p1, $p2 " name="RavenDB Queries can parse -  from index &apos;UsersByName&apos; where Name = cmpxchg($p0) limit $p1, $p2 " time="0.001">
    </testcase>
    <testcase classname="RavenDB Queries can parse -  from index &apos;ThingIndex&apos; where Name = $p0 " name="RavenDB Queries can parse -  from index &apos;ThingIndex&apos; where Name = $p0 " time="0.001">
    </testcase>
    <testcase classname="RavenDB Queries can parse -  from Employees filter Name = &apos;Jane&apos;" name="RavenDB Queries can parse -  from Employees filter Name = &apos;Jane&apos;" time="0.005">
    </testcase>
    <testcase classname="RavenDB Queries can parse - from Employees filter Active = false" name="RavenDB Queries can parse - from Employees filter Active = false" time="0.004">
    </testcase>
    <testcase classname="RavenDB Queries can parse - from Employees filter Active = true filter_limit 1" name="RavenDB Queries can parse - from Employees filter Active = true filter_limit 1" time="0.002">
    </testcase>
    <testcase classname="RavenDB Queries can parse - $name=&apos;matt&apos; from Employees filter Name = $name" name="RavenDB Queries can parse - $name=&apos;matt&apos; from Employees filter Name = $name" time="0.003">
    </testcase>
    <testcase classname="RavenDB Queries can parse - from Employees as e filter e.Name = $name" name="RavenDB Queries can parse - from Employees as e filter e.Name = $name" time="0.003">
    </testcase>
    <testcase classname="RavenDB Queries can parse - declare function check(r) { return r.Name[0] == &apos;J&apos;} from Employees as e filter check(e)" name="RavenDB Queries can parse - declare function check(r) { return r.Name[0] == &apos;J&apos;} from Employees as e filter check(e)" time="0.002">
    </testcase>
    <testcase classname="RavenDB Queries can parse - declare function check(r) { return r.Name[0] == $prefix} from Employees as e filter check(e)" name="RavenDB Queries can parse - declare function check(r) { return r.Name[0] == $prefix} from Employees as e filter check(e)" time="0.001">
    </testcase>
    <testcase classname="RavenDB Queries can parse - declare function check(r, prefix) { return r.Name[0] == prefix} from Employees as e filter check(e, $prefix)" name="RavenDB Queries can parse - declare function check(r, prefix) { return r.Name[0] == prefix} from Employees as e filter check(e, $prefix)" time="0.001">
    </testcase>
    <testcase classname="RavenDB Queries can parse - from Employees as e load e.Manager as m filter e.Name = $name and m.Name = $manager" name="RavenDB Queries can parse - from Employees as e load e.Manager as m filter e.Name = $name and m.Name = $manager" time="0.001">
    </testcase>
    <testcase classname="RavenDB Queries can parse - from Employees as e load e.Manager as m filter e.Name = $name and m.Name = $manager select e.Name, m.Name as ManagerName" name="RavenDB Queries can parse - from Employees as e load e.Manager as m filter e.Name = $name and m.Name = $manager select e.Name, m.Name as ManagerName" time="0.002">
    </testcase>
    <testcase classname="RavenDB Queries can parse - from Employees as e load e.Manager as m filter e.Name = $name and m.Name = $manager select { Name: e.Name, ManagerName: m.Name}" name="RavenDB Queries can parse - from Employees as e load e.Manager as m filter e.Name = $name and m.Name = $manager select { Name: e.Name, ManagerName: m.Name}" time="0.001">
    </testcase>
    <testcase classname="RavenDB Queries can parse - from Employees where Active = true filter Name = &apos;Jane&apos;" name="RavenDB Queries can parse - from Employees where Active = true filter Name = &apos;Jane&apos;" time="0.001">
    </testcase>
    <testcase classname="RavenDB Queries can parse - from Employees order by Name filter Active = false" name="RavenDB Queries can parse - from Employees order by Name filter Active = false" time="0">
    </testcase>
    <testcase classname="RavenDB Queries can parse - from Employees order by Name desc filter Active = true filter_limit 1" name="RavenDB Queries can parse - from Employees order by Name desc filter Active = true filter_limit 1" time="0.001">
    </testcase>
    <testcase classname="RavenDB Queries can parse - from Employees where Active = $active filter Name = $name" name="RavenDB Queries can parse - from Employees where Active = $active filter Name = $name" time="0.001">
    </testcase>
    <testcase classname="RavenDB Queries can parse - declare function check(r) { return r.Name[0] == &apos;J&apos;} from Employees as e where e.Active = true filter check(e)" name="RavenDB Queries can parse - declare function check(r) { return r.Name[0] == &apos;J&apos;} from Employees as e where e.Active = true filter check(e)" time="0.001">
    </testcase>
    <testcase classname="RavenDB Queries can parse - from Employees as e where e.Active = $active  load e.Manager as m filter e.Name = $name and m.Name = $manager" name="RavenDB Queries can parse - from Employees as e where e.Active = $active  load e.Manager as m filter e.Name = $name and m.Name = $manager" time="0.001">
    </testcase>
    <testcase classname="RavenDB Queries can parse - from Employees where spatial.within(spatial.point(Location.Latitude, Location.Longitude), spatial.wkt($wkt)) filter Name = &apos;Frank&apos;" name="RavenDB Queries can parse - from Employees where spatial.within(spatial.point(Location.Latitude, Location.Longitude), spatial.wkt($wkt)) filter Name = &apos;Frank&apos;" time="0.002">
    </testcase>
    <testcase classname="RavenDB Queries can parse - from Employees group by Manager filter Count == 2 select count(), Manager" name="RavenDB Queries can parse - from Employees group by Manager filter Count == 2 select count(), Manager" time="0.001">
    </testcase>
    <testcase classname="RavenDB Queries can parse - declare function check(r, prefix) { return r.Name[0] == prefix} from Employees as e where e.Active = true filter check(e, $prefix) include timings()" name="RavenDB Queries can parse - declare function check(r, prefix) { return r.Name[0] == prefix} from Employees as e where e.Active = true filter check(e, $prefix) include timings()" time="0.001">
    </testcase>
  </testsuite>
  <testsuite name="BackupsPage" errors="0" failures="0" skipped="0" timestamp="2022-09-02T10:34:16" time="9.739" tests="3">
    <testcase classname="BackupsPage can render empty view" name="BackupsPage can render empty view" time="0.065">
    </testcase>
    <testcase classname="BackupsPage can render full view" name="BackupsPage can render full view" time="0.09">
    </testcase>
    <testcase classname="BackupsPage Periodic Backup can render enabled" name="BackupsPage Periodic Backup can render enabled" time="0.076">
    </testcase>
  </testsuite>
  <testsuite name="IndexesPage" errors="0" failures="0" skipped="0" timestamp="2022-09-02T10:34:16" time="10.174" tests="5">
    <testcase classname="IndexesPage can render empty view" name="IndexesPage can render empty view" time="0.043">
    </testcase>
    <testcase classname="IndexesPage can render" name="IndexesPage can render" time="0.293">
    </testcase>
    <testcase classname="IndexesPage can show search engine - corax" name="IndexesPage can show search engine - corax" time="0.195">
    </testcase>
    <testcase classname="IndexesPage can open faulty index - sharded" name="IndexesPage can open faulty index - sharded" time="0.055">
    </testcase>
    <testcase classname="IndexesPage can open faulty index - single node" name="IndexesPage can open faulty index - single node" time="0.031">
    </testcase>
  </testsuite>
  <testsuite name="StatisticsPage" errors="0" failures="0" skipped="0" timestamp="2022-09-02T10:34:16" time="11.622" tests="5">
    <testcase classname="StatisticsPage can render stats w/o details" name="StatisticsPage can render stats w/o details" time="0.063">
    </testcase>
    <testcase classname="StatisticsPage can render stats w/ details" name="StatisticsPage can render stats w/ details" time="0.597">
    </testcase>
    <testcase classname="StatisticsPage can render index map stats" name="StatisticsPage can render index map stats" time="0.248">
    </testcase>
    <testcase classname="StatisticsPage can render index map stats" name="StatisticsPage can render index map stats" time="0.218">
    </testcase>
    <testcase classname="StatisticsPage can handle no indexes case" name="StatisticsPage can handle no indexes case" time="0.134">
    </testcase>
  </testsuite>
  <testsuite name="OngoingTasksPage" errors="0" failures="0" skipped="0" timestamp="2022-09-02T10:34:16" time="20.935" tests="33">
    <testcase classname="OngoingTasksPage can render empty view" name="OngoingTasksPage can render empty view" time="0.054">
    </testcase>
    <testcase classname="OngoingTasksPage can render full view" name="OngoingTasksPage can render full view" time="0.076">
    </testcase>
    <testcase classname="OngoingTasksPage RavenETL can render disabled and not completed" name="OngoingTasksPage RavenETL can render disabled and not completed" time="0.057">
    </testcase>
    <testcase classname="OngoingTasksPage RavenETL can render completed" name="OngoingTasksPage RavenETL can render completed" time="0.58">
    </testcase>
    <testcase classname="OngoingTasksPage RavenETL can render enabled and not completed" name="OngoingTasksPage RavenETL can render enabled and not completed" time="0.565">
    </testcase>
    <testcase classname="OngoingTasksPage RavenETL can notify about empty script" name="OngoingTasksPage RavenETL can notify about empty script" time="0.555">
    </testcase>
    <testcase classname="OngoingTasksPage SQL can render disabled and not completed" name="OngoingTasksPage SQL can render disabled and not completed" time="0.02">
    </testcase>
    <testcase classname="OngoingTasksPage SQL can render completed" name="OngoingTasksPage SQL can render completed" time="0.542">
    </testcase>
    <testcase classname="OngoingTasksPage SQL can render enabled and not completed" name="OngoingTasksPage SQL can render enabled and not completed" time="0.542">
    </testcase>
    <testcase classname="OngoingTasksPage SQL can notify about empty script" name="OngoingTasksPage SQL can notify about empty script" time="0.548">
    </testcase>
    <testcase classname="OngoingTasksPage OLAP can render disabled and not completed" name="OngoingTasksPage OLAP can render disabled and not completed" time="0.024">
    </testcase>
    <testcase classname="OngoingTasksPage OLAP can render completed" name="OngoingTasksPage OLAP can render completed" time="0.534">
    </testcase>
    <testcase classname="OngoingTasksPage OLAP can render enabled and not completed" name="OngoingTasksPage OLAP can render enabled and not completed" time="0.55">
    </testcase>
    <testcase classname="OngoingTasksPage OLAP can notify about empty script" name="OngoingTasksPage OLAP can notify about empty script" time="0.539">
    </testcase>
    <testcase classname="OngoingTasksPage Kafka can render disabled and not completed" name="OngoingTasksPage Kafka can render disabled and not completed" time="0.021">
    </testcase>
    <testcase classname="OngoingTasksPage Kafka can render completed" name="OngoingTasksPage Kafka can render completed" time="0.533">
    </testcase>
    <testcase classname="OngoingTasksPage Kafka can render enabled and not completed" name="OngoingTasksPage Kafka can render enabled and not completed" time="0.539">
    </testcase>
    <testcase classname="OngoingTasksPage Kafka can notify about empty script" name="OngoingTasksPage Kafka can notify about empty script" time="0.533">
    </testcase>
    <testcase classname="OngoingTasksPage RabbitMQ can render disabled and not completed" name="OngoingTasksPage RabbitMQ can render disabled and not completed" time="0.017">
    </testcase>
    <testcase classname="OngoingTasksPage RabbitMQ can render completed" name="OngoingTasksPage RabbitMQ can render completed" time="0.53">
    </testcase>
    <testcase classname="OngoingTasksPage RabbitMQ can render enabled and not completed" name="OngoingTasksPage RabbitMQ can render enabled and not completed" time="0.54">
    </testcase>
    <testcase classname="OngoingTasksPage RabbitMQ can notify about empty script" name="OngoingTasksPage RabbitMQ can notify about empty script" time="0.537">
    </testcase>
    <testcase classname="OngoingTasksPage ElasticSearch can render disabled and not completed" name="OngoingTasksPage ElasticSearch can render disabled and not completed" time="0.017">
    </testcase>
    <testcase classname="OngoingTasksPage ElasticSearch can render completed" name="OngoingTasksPage ElasticSearch can render completed" time="0.532">
    </testcase>
    <testcase classname="OngoingTasksPage ElasticSearch can render enabled and not completed" name="OngoingTasksPage ElasticSearch can render enabled and not completed" time="0.537">
    </testcase>
    <testcase classname="OngoingTasksPage ElasticSearch can notify about empty script" name="OngoingTasksPage ElasticSearch can notify about empty script" time="0.529">
    </testcase>
    <testcase classname="OngoingTasksPage Replication Sink can render enabled" name="OngoingTasksPage Replication Sink can render enabled" time="0.013">
    </testcase>
    <testcase classname="OngoingTasksPage Replication Hub can render hub w/o connections" name="OngoingTasksPage Replication Hub can render hub w/o connections" time="0.014">
    </testcase>
    <testcase classname="OngoingTasksPage Replication Hub can render hub w/ connections" name="OngoingTasksPage Replication Hub can render hub w/ connections" time="0.013">
    </testcase>
    <testcase classname="OngoingTasksPage Periodic Backup can render enabled" name="OngoingTasksPage Periodic Backup can render enabled" time="0.017">
    </testcase>
    <testcase classname="OngoingTasksPage External Replication can render enabled" name="OngoingTasksPage External Replication can render enabled" time="0.016">
    </testcase>
    <testcase classname="OngoingTasksPage External Replication can render server wide" name="OngoingTasksPage External Replication can render server wide" time="0.009">
    </testcase>
    <testcase classname="OngoingTasksPage Subscription can render enabled" name="OngoingTasksPage Subscription can render enabled" time="0.017">
    </testcase>
  </testsuite>
</testsuites>